<?xml version="1.0" encoding="UTF-8"?>
<!-- Generated by org.testng.reporters.JUnitReportReporter -->
<testsuite hostname="DESKTOP-1766TB1" failures="0" tests="7" name="runners.CucumberRunner" time="567.967" errors="0" timestamp="2024-11-17T17:31:51 IST" skipped="0">
  <testcase classname="runners.CucumberRunner" name="runScenario" time="54.437">
    <system-out>
      <![CDATA[Browser is launched and url is navigated
LoginPage is successfully displayed
Successfully Entered the number
Successfully logged in
Successfully Clicked on Services Link
Yes options are displayed
Yes options are displayed]]>
    </system-out>
  </testcase> <!-- runScenario -->
  <testcase classname="runners.CucumberRunner" name="runScenario" time="85.494">
    <system-out>
      <![CDATA[Browser is launched and url is navigated
LoginPage is successfully displayed
Successfully Entered the number
Successfully logged in
Successfully Clicked on Services Link
Yes options are displayed
Successfully Clicked on Services Link
Done]]>
    </system-out>
  </testcase> <!-- runScenario -->
  <testcase classname="runners.CucumberRunner" name="runScenario" time="70.858">
    <system-out>
      <![CDATA[Browser is launched and url is navigated
LoginPage is successfully displayed
Successfully Entered the number
Successfully logged in
Successfully Clicked on Services Link
Yes options are displayed
hello]]>
    </system-out>
  </testcase> <!-- runScenario -->
  <testcase classname="runners.CucumberRunner" name="runScenario" time="95.258">
    <system-out>
      <![CDATA[Browser is launched and url is navigated
LoginPage is successfully displayed
Successfully Entered the number
Successfully logged in
Successfully Clicked on Services Link
Yes options are displayed
hii]]>
    </system-out>
  </testcase> <!-- runScenario -->
  <testcase classname="runners.CucumberRunner" name="runScenario" time="102.256">
    <system-out>
      <![CDATA[Browser is launched and url is navigated
LoginPage is successfully displayed
Successfully Entered the number
Successfully logged in
Successfully Clicked on Services Link
Yes options are displayed
hii]]>
    </system-out>
  </testcase> <!-- runScenario -->
  <testcase classname="runners.CucumberRunner" name="runScenario" time="89.731">
    <system-out>
      <![CDATA[Browser is launched and url is navigated
LoginPage is successfully displayed
Successfully Entered the number
Successfully logged in
Successfully Clicked on Services Link
Yes options are displayed
hii]]>
    </system-out>
  </testcase> <!-- runScenario -->
  <testcase classname="runners.CucumberRunner" name="runScenario" time="69.933">
    <system-out>
      <![CDATA[Browser is launched and url is navigated
LoginPage is successfully displayed
Successfully Entered the number
Successfully logged in
Successfully Clicked on Services Link
Yes options are displayed
Royale Glitz Page should be Displayed]]>
    </system-out>
  </testcase> <!-- runScenario -->
  <system-out>
    <![CDATA[Browser is launched and url is navigated
LoginPage is successfully displayed
Successfully Entered the number
Successfully logged in
Successfully Clicked on Services Link
Yes options are displayed
Yes options are displayed
Browser is launched and url is navigated
LoginPage is successfully displayed
Successfully Entered the number
Successfully logged in
Successfully Clicked on Services Link
Yes options are displayed
Royale Glitz Page should be Displayed
Browser is launched and url is navigated
LoginPage is successfully displayed
Successfully Entered the number
Successfully logged in
Successfully Clicked on Services Link
Yes options are displayed
Successfully Clicked on Services Link
Done
Browser is launched and url is navigated
LoginPage is successfully displayed
Successfully Entered the number
Successfully logged in
Successfully Clicked on Services Link
Yes options are displayed
hello
Browser is launched and url is navigated
LoginPage is successfully displayed
Successfully Entered the number
Successfully logged in
Successfully Clicked on Services Link
Yes options are displayed
hii
Browser is launched and url is navigated
LoginPage is successfully displayed
Successfully Entered the number
Successfully logged in
Successfully Clicked on Services Link
Yes options are displayed
hii
Browser is launched and url is navigated
LoginPage is successfully displayed
Successfully Entered the number
Successfully logged in
Successfully Clicked on Services Link
Yes options are displayed
hii]]>
  </system-out>
</testsuite> <!-- runners.CucumberRunner -->
